<?xml version="1.0" encoding="UTF-8"?>
<!-- Generated by org.testng.reporters.JUnitReportReporter -->
<testsuite skipped="0" hostname="DESKTOP-6QQF9JU" name="com.mercury.tests.FlightsPageTest" tests="1" failures="0" timestamp="22 Jun 2019 22:37:36 GMT" time="24.088" errors="0">
  <testcase name="FlightsPageTest" time="24.088" classname="com.mercury.tests.FlightsPageTest"/>
</testsuite> <!-- com.mercury.tests.FlightsPageTest -->
