<?xml version="1.0" encoding="UTF-8"?>
<!-- Generated by org.testng.reporters.JUnitReportReporter -->
<testsuite skipped="0" hostname="DESKTOP-6QQF9JU" name="com.mercury.tests.RegisterPageTest" tests="1" failures="0" timestamp="10 Oct 2019 17:40:06 GMT" time="46.050" errors="0">
  <testcase name="Registerpagetest1" time="46.050" classname="com.mercury.tests.RegisterPageTest"/>
</testsuite> <!-- com.mercury.tests.RegisterPageTest -->
